<?xml version="1.0" encoding="UTF-8"?>
<robot generator="Robot 7.3.2 (Python 3.14.0 on win32)" generated="2025-12-31T11:51:16.901653" rpa="false" schemaversion="5">
<suite id="s1" name="TricentisDemo" source="C:\Users\AIFA USER 77\PycharmProjects\TricentisDemo">
<suite id="s1-s1" name="TestCases" source="C:\Users\AIFA USER 77\PycharmProjects\TricentisDemo\TestCases">
<suite id="s1-s1-s1" name="Pac1" source="C:\Users\AIFA USER 77\PycharmProjects\TricentisDemo\TestCases\Pac1.robot">
<test id="s1-s1-s1-t1" name="Login to add to cart" line="14">
<kw name="Set Selenium Speed" owner="SeleniumLibrary">
<arg>1s</arg>
<doc>Sets the delay that is waited after each Selenium command.</doc>
<status status="PASS" start="2025-12-31T11:51:17.957505" elapsed="0.003115"/>
</kw>
<kw name="Login Test" owner="LoginTest">
<kw name="Open Browser To Login Page" owner="LoginKeywords">
<kw name="Open Browser" owner="SeleniumLibrary">
<msg time="2025-12-31T11:51:17.963359" level="INFO">Opening browser 'chrome' to base url 'https://demowebshop.tricentis.com/'.</msg>
<arg>${url}</arg>
<arg>${browser}</arg>
<doc>Opens a new browser instance to the optional ``url``.</doc>
<status status="PASS" start="2025-12-31T11:51:17.962816" elapsed="8.138192"/>
</kw>
<kw name="Maximize Browser Window" owner="SeleniumLibrary">
<doc>Maximizes current browser window.</doc>
<status status="PASS" start="2025-12-31T11:51:26.101905" elapsed="1.159451"/>
</kw>
<status status="PASS" start="2025-12-31T11:51:17.962154" elapsed="9.299829"/>
</kw>
<kw name="Login page link" owner="LoginKeywords">
<kw name="Click Element" owner="SeleniumLibrary">
<msg time="2025-12-31T11:51:27.267287" level="INFO">Clicking element 'xpath://a[normalize-space()='Log in']'.</msg>
<arg>${Login_link}</arg>
<doc>Click the element identified by ``locator``.</doc>
<status status="PASS" start="2025-12-31T11:51:27.265059" elapsed="2.706573"/>
</kw>
<status status="PASS" start="2025-12-31T11:51:27.263030" elapsed="2.709146"/>
</kw>
<kw name="Enter Email" owner="LoginKeywords">
<kw name="Input Text" owner="SeleniumLibrary">
<msg time="2025-12-31T11:51:29.975317" level="INFO">Typing text 'tester123321@gmail.com' into text field 'id:Email'.</msg>
<arg>${txt_user_name}</arg>
<arg>${username}</arg>
<doc>Types the given ``text`` into the text field identified by ``locator``.</doc>
<status status="PASS" start="2025-12-31T11:51:29.974285" elapsed="3.293615"/>
</kw>
<arg>tester123321@gmail.com</arg>
<status status="PASS" start="2025-12-31T11:51:29.972966" elapsed="3.295446"/>
</kw>
<kw name="Enter Password" owner="LoginKeywords">
<kw name="Input Text" owner="SeleniumLibrary">
<msg time="2025-12-31T11:51:33.272798" level="INFO">Typing text 'Tester@123' into text field 'id:Password'.</msg>
<arg>${txt_password}</arg>
<arg>${password}</arg>
<doc>Types the given ``text`` into the text field identified by ``locator``.</doc>
<status status="PASS" start="2025-12-31T11:51:33.271167" elapsed="3.372014"/>
</kw>
<arg>Tester@123</arg>
<status status="PASS" start="2025-12-31T11:51:33.269186" elapsed="3.374422"/>
</kw>
<kw name="Click Login Button" owner="LoginKeywords">
<kw name="Click Button" owner="SeleniumLibrary">
<msg time="2025-12-31T11:51:36.646152" level="INFO">Clicking button 'xpath://input[@value='Log in']'.</msg>
<arg>${login_button}</arg>
<doc>Clicks the button identified by ``locator``.</doc>
<status status="PASS" start="2025-12-31T11:51:36.645309" elapsed="4.080482"/>
</kw>
<status status="PASS" start="2025-12-31T11:51:36.644262" elapsed="4.082020"/>
</kw>
<status status="PASS" start="2025-12-31T11:51:17.961308" elapsed="22.765276"/>
</kw>
<kw name="Select books" owner="Shippingitem">
<kw name="Click Element" owner="SeleniumLibrary">
<msg time="2025-12-31T11:51:40.729420" level="INFO">Clicking element 'xpath://ul[@class='top-menu']//a[normalize-space()='Books']'.</msg>
<arg>${Select_Books}</arg>
<doc>Click the element identified by ``locator``.</doc>
<status status="PASS" start="2025-12-31T11:51:40.728523" elapsed="3.093128"/>
</kw>
<status status="PASS" start="2025-12-31T11:51:40.727369" elapsed="3.094770"/>
</kw>
<kw name="Get WebElements" owner="SeleniumLibrary">
<msg time="2025-12-31T11:51:44.865160" level="INFO">@{elements} = [ &lt;selenium.webdriver.remote.webelement.WebElement (session="dcd2ef7f365e00e5efc6995bc4b2132a", element="f.F5D1689C813B8367CCF6C7EB6B29E8A1.d.17A1D60C369DCB0ABA341CF4AC771423.e.63")&gt; | &lt;selenium.webdr...</msg>
<var>@{elements}</var>
<arg>css:.product-item .product-title a</arg>
<doc>Returns a list of WebElement objects matching the ``locator``.</doc>
<status status="PASS" start="2025-12-31T11:51:43.822743" elapsed="1.042669"/>
</kw>
<kw name="Get Length" owner="BuiltIn">
<msg time="2025-12-31T11:51:44.867054" level="INFO">Length is 6.</msg>
<msg time="2025-12-31T11:51:44.867501" level="INFO">${count} = 6</msg>
<var>${count}</var>
<arg>${elements}</arg>
<doc>Returns and logs the length of the given item as an integer.</doc>
<status status="PASS" start="2025-12-31T11:51:44.866304" elapsed="0.001350"/>
</kw>
<kw name="Run Keyword If" owner="BuiltIn">
<arg>${count} == 0</arg>
<arg>Fail</arg>
<arg>No product links found on the page!</arg>
<doc>Runs the given keyword with the given arguments, if ``condition`` is true.</doc>
<status status="PASS" start="2025-12-31T11:51:44.868410" elapsed="0.000981"/>
</kw>
<kw name="Evaluate" owner="BuiltIn">
<msg time="2025-12-31T11:51:44.870681" level="INFO">${random_index} = 2</msg>
<var>${random_index}</var>
<arg>random.randint(0, ${count}-1)</arg>
<arg>modules=random</arg>
<doc>Evaluates the given expression in Python and returns the result.</doc>
<status status="PASS" start="2025-12-31T11:51:44.869981" elapsed="0.000777"/>
</kw>
<kw name="Click Element" owner="SeleniumLibrary">
<msg time="2025-12-31T11:51:44.871533" level="INFO">Clicking element '&lt;selenium.webdriver.remote.webelement.WebElement (session="dcd2ef7f365e00e5efc6995bc4b2132a", element="f.F5D1689C813B8367CCF6C7EB6B29E8A1.d.17A1D60C369DCB0ABA341CF4AC771423.e.65")&gt;'.</msg>
<arg>${elements}[${random_index}]</arg>
<doc>Click the element identified by ``locator``.</doc>
<status status="PASS" start="2025-12-31T11:51:44.871058" elapsed="2.567204"/>
</kw>
<tag>sanity</tag>
<status status="PASS" start="2025-12-31T11:51:17.954608" elapsed="29.484544"/>
</test>
<status status="PASS" start="2025-12-31T11:51:16.987968" elapsed="30.453885"/>
</suite>
<suite id="s1-s1-s2" name="SingleTest Login Change" source="C:\Users\AIFA USER 77\PycharmProjects\TricentisDemo\TestCases\SingleTest_Login_Change.robot">
<test id="s1-s1-s2-t1" name="Login" line="6">
<kw name="Login Test" owner="LoginTest">
<kw name="Open Browser To Login Page" owner="LoginKeywords">
<kw name="Open Browser" owner="SeleniumLibrary">
<msg time="2025-12-31T11:51:47.461220" level="INFO">Opening browser 'chrome' to base url 'https://demowebshop.tricentis.com/'.</msg>
<arg>${url}</arg>
<arg>${browser}</arg>
<doc>Opens a new browser instance to the optional ``url``.</doc>
<status status="PASS" start="2025-12-31T11:51:47.460769" elapsed="7.514304"/>
</kw>
<kw name="Maximize Browser Window" owner="SeleniumLibrary">
<doc>Maximizes current browser window.</doc>
<status status="PASS" start="2025-12-31T11:51:54.978970" elapsed="1.118448"/>
</kw>
<status status="PASS" start="2025-12-31T11:51:47.460238" elapsed="8.637652"/>
</kw>
<kw name="Login page link" owner="LoginKeywords">
<kw name="Click Element" owner="SeleniumLibrary">
<msg time="2025-12-31T11:51:56.100561" level="INFO">Clicking element 'xpath://a[normalize-space()='Log in']'.</msg>
<arg>${Login_link}</arg>
<doc>Click the element identified by ``locator``.</doc>
<status status="PASS" start="2025-12-31T11:51:56.099733" elapsed="2.771196"/>
</kw>
<status status="PASS" start="2025-12-31T11:51:56.098569" elapsed="2.773090"/>
</kw>
<kw name="Enter Email" owner="LoginKeywords">
<kw name="Input Text" owner="SeleniumLibrary">
<msg time="2025-12-31T11:51:58.875731" level="INFO">Typing text 'tester123321@gmail.com' into text field 'id:Email'.</msg>
<arg>${txt_user_name}</arg>
<arg>${username}</arg>
<doc>Types the given ``text`` into the text field identified by ``locator``.</doc>
<status status="PASS" start="2025-12-31T11:51:58.874375" elapsed="3.283633"/>
</kw>
<arg>tester123321@gmail.com</arg>
<status status="PASS" start="2025-12-31T11:51:58.872845" elapsed="3.285386"/>
</kw>
<kw name="Enter Password" owner="LoginKeywords">
<kw name="Input Text" owner="SeleniumLibrary">
<msg time="2025-12-31T11:52:02.159084" level="INFO">Typing text 'Tester@123' into text field 'id:Password'.</msg>
<arg>${txt_password}</arg>
<arg>${password}</arg>
<doc>Types the given ``text`` into the text field identified by ``locator``.</doc>
<status status="PASS" start="2025-12-31T11:52:02.158824" elapsed="3.236049"/>
</kw>
<arg>Tester@123</arg>
<status status="PASS" start="2025-12-31T11:52:02.158489" elapsed="3.237027"/>
</kw>
<kw name="Click Login Button" owner="LoginKeywords">
<kw name="Click Button" owner="SeleniumLibrary">
<msg time="2025-12-31T11:52:05.399144" level="INFO">Clicking button 'xpath://input[@value='Log in']'.</msg>
<arg>${login_button}</arg>
<doc>Clicks the button identified by ``locator``.</doc>
<status status="PASS" start="2025-12-31T11:52:05.397637" elapsed="4.001072"/>
</kw>
<status status="PASS" start="2025-12-31T11:52:05.396314" elapsed="4.002865"/>
</kw>
<status status="PASS" start="2025-12-31T11:51:47.459629" elapsed="21.939837"/>
</kw>
<tag>Sanity</tag>
<status status="PASS" start="2025-12-31T11:51:47.458659" elapsed="21.941458"/>
</test>
<test id="s1-s1-s2-t2" name="Change Test" line="9">
<kw name="Change_Account_Details" owner="Account_change">
<kw name="Set Selenium Speed" owner="SeleniumLibrary">
<arg>2seconds</arg>
<doc>Sets the delay that is waited after each Selenium command.</doc>
<status status="PASS" start="2025-12-31T11:52:09.404812" elapsed="0.000965"/>
</kw>
<kw name="Login Test" owner="LoginTest">
<kw name="Open Browser To Login Page" owner="LoginKeywords">
<kw name="Open Browser" owner="SeleniumLibrary">
<msg time="2025-12-31T11:52:09.410130" level="INFO">Opening browser 'chrome' to base url 'https://demowebshop.tricentis.com/'.</msg>
<arg>${url}</arg>
<arg>${browser}</arg>
<doc>Opens a new browser instance to the optional ``url``.</doc>
<status status="PASS" start="2025-12-31T11:52:09.408654" elapsed="8.110496"/>
</kw>
<kw name="Maximize Browser Window" owner="SeleniumLibrary">
<doc>Maximizes current browser window.</doc>
<status status="PASS" start="2025-12-31T11:52:17.519421" elapsed="2.041397"/>
</kw>
<status status="PASS" start="2025-12-31T11:52:09.407570" elapsed="10.153890"/>
</kw>
<kw name="Login page link" owner="LoginKeywords">
<kw name="Click Element" owner="SeleniumLibrary">
<msg time="2025-12-31T11:52:19.566105" level="INFO">Clicking element 'xpath://a[normalize-space()='Log in']'.</msg>
<arg>${Login_link}</arg>
<doc>Click the element identified by ``locator``.</doc>
<status status="PASS" start="2025-12-31T11:52:19.564831" elapsed="4.643093"/>
</kw>
<status status="PASS" start="2025-12-31T11:52:19.562613" elapsed="4.645731"/>
</kw>
<kw name="Enter Email" owner="LoginKeywords">
<kw name="Input Text" owner="SeleniumLibrary">
<msg time="2025-12-31T11:52:24.211545" level="INFO">Typing text 'tester123321@gmail.com' into text field 'id:Email'.</msg>
<arg>${txt_user_name}</arg>
<arg>${username}</arg>
<doc>Types the given ``text`` into the text field identified by ``locator``.</doc>
<status status="PASS" start="2025-12-31T11:52:24.210535" elapsed="6.371221"/>
</kw>
<arg>tester123321@gmail.com</arg>
<status status="PASS" start="2025-12-31T11:52:24.209017" elapsed="6.373000"/>
</kw>
<kw name="Enter Password" owner="LoginKeywords">
<kw name="Input Text" owner="SeleniumLibrary">
<msg time="2025-12-31T11:52:30.583452" level="INFO">Typing text 'Tester@123' into text field 'id:Password'.</msg>
<arg>${txt_password}</arg>
<arg>${password}</arg>
<doc>Types the given ``text`` into the text field identified by ``locator``.</doc>
<status status="PASS" start="2025-12-31T11:52:30.583023" elapsed="6.270291"/>
</kw>
<arg>Tester@123</arg>
<status status="PASS" start="2025-12-31T11:52:30.582458" elapsed="6.271730"/>
</kw>
<kw name="Click Login Button" owner="LoginKeywords">
<kw name="Click Button" owner="SeleniumLibrary">
<msg time="2025-12-31T11:52:36.857575" level="INFO">Clicking button 'xpath://input[@value='Log in']'.</msg>
<arg>${login_button}</arg>
<doc>Clicks the button identified by ``locator``.</doc>
<status status="PASS" start="2025-12-31T11:52:36.856745" elapsed="7.110184"/>
</kw>
<status status="PASS" start="2025-12-31T11:52:36.855247" elapsed="7.112278"/>
</kw>
<status status="PASS" start="2025-12-31T11:52:09.406495" elapsed="34.561315"/>
</kw>
<kw name="Select_my_Account" owner="My_Account_Customer_info">
<kw name="Click Element" owner="SeleniumLibrary">
<msg time="2025-12-31T11:52:43.970179" level="INFO">Clicking element 'xpath://a[normalize-space()='My account']'.</msg>
<arg>${Click_my_account}</arg>
<doc>Click the element identified by ``locator``.</doc>
<status status="PASS" start="2025-12-31T11:52:43.969465" elapsed="4.818192"/>
</kw>
<status status="PASS" start="2025-12-31T11:52:43.968507" elapsed="4.819411"/>
</kw>
<kw name="Change Firstname" owner="My_Account_Customer_info">
<kw name="Input Text" owner="SeleniumLibrary">
<msg time="2025-12-31T11:52:48.789434" level="INFO">Typing text 'ravi' into text field 'xpath://input[@id='FirstName']'.</msg>
<arg>${Enter_Firstname}</arg>
<arg>${firstname}</arg>
<doc>Types the given ``text`` into the text field identified by ``locator``.</doc>
<status status="PASS" start="2025-12-31T11:52:48.788913" elapsed="6.512475"/>
</kw>
<arg>ravi</arg>
<status status="PASS" start="2025-12-31T11:52:48.788282" elapsed="6.513685"/>
</kw>
<kw name="Change Lastname" owner="My_Account_Customer_info">
<kw name="Input Text" owner="SeleniumLibrary">
<msg time="2025-12-31T11:52:55.304941" level="INFO">Typing text 'Tester' into text field 'xpath://input[@id='LastName']'.</msg>
<arg>${Enter_Lastname}</arg>
<arg>${lastname}</arg>
<doc>Types the given ``text`` into the text field identified by ``locator``.</doc>
<status status="PASS" start="2025-12-31T11:52:55.303967" elapsed="6.386435"/>
</kw>
<arg>Tester</arg>
<status status="PASS" start="2025-12-31T11:52:55.302775" elapsed="6.388110"/>
</kw>
<kw name="Select Save" owner="My_Account_Customer_info">
<kw name="Click Element" owner="SeleniumLibrary">
<msg time="2025-12-31T11:53:01.693646" level="INFO">Clicking element 'xpath://input[@name='save-info-button']'.</msg>
<arg>${Click_Save}</arg>
<doc>Click the element identified by ``locator``.</doc>
<status status="PASS" start="2025-12-31T11:53:01.692847" elapsed="5.405129"/>
</kw>
<status status="PASS" start="2025-12-31T11:53:01.691568" elapsed="5.407090"/>
</kw>
<status status="PASS" start="2025-12-31T11:52:09.403411" elapsed="57.695659"/>
</kw>
<tag>Regression</tag>
<tag>Sanity</tag>
<status status="PASS" start="2025-12-31T11:52:09.401488" elapsed="57.698490"/>
</test>
<status status="PASS" start="2025-12-31T11:51:47.444354" elapsed="79.657975"/>
</suite>
<status status="PASS" start="2025-12-31T11:51:16.985082" elapsed="110.122617"/>
</suite>
<status status="PASS" start="2025-12-31T11:51:16.905372" elapsed="110.205377"/>
</suite>
<statistics>
<total>
<stat pass="3" fail="0" skip="0">All Tests</stat>
</total>
<tag>
<stat pass="1" fail="0" skip="0">Regression</stat>
<stat pass="3" fail="0" skip="0">sanity</stat>
</tag>
<suite>
<stat name="TricentisDemo" id="s1" pass="3" fail="0" skip="0">TricentisDemo</stat>
<stat name="TestCases" id="s1-s1" pass="3" fail="0" skip="0">TricentisDemo.TestCases</stat>
<stat name="Pac1" id="s1-s1-s1" pass="1" fail="0" skip="0">TricentisDemo.TestCases.Pac1</stat>
<stat name="SingleTest Login Change" id="s1-s1-s2" pass="2" fail="0" skip="0">TricentisDemo.TestCases.SingleTest Login Change</stat>
</suite>
</statistics>
<errors>
</errors>
</robot>
