<?xml version="1.0" encoding="UTF-8"?>
<robot generator="Robot 7.3.2 (Python 3.14.0 on win32)" generated="2025-12-23T13:07:43.868203" rpa="false" schemaversion="5">
<suite id="s1" name="Testcases" source="C:\Users\AIFA USER 77\PycharmProjects\TricentisDemo\testcases">
<suite id="s1-s1" name="SingleTest Login Change" source="C:\Users\AIFA USER 77\PycharmProjects\TricentisDemo\testcases\SingleTest_Login_Change.robot">
<test id="s1-s1-t1" name="Change Test" line="9">
<kw name="Change_Account_Details" owner="Account_change">
<kw name="Set Selenium Speed" owner="SeleniumLibrary">
<arg>2seconds</arg>
<doc>Sets the delay that is waited after each Selenium command.</doc>
<status status="PASS" start="2025-12-23T13:07:44.130503" elapsed="0.000268"/>
</kw>
<kw name="Login Test" owner="LoginTest">
<kw name="Open Browser To Login Page" owner="LoginKeywords">
<kw name="Open Browser" owner="SeleniumLibrary">
<msg time="2025-12-23T13:07:44.131617" level="INFO">Opening browser 'chrome' to base url 'https://demowebshop.tricentis.com/'.</msg>
<arg>${url}</arg>
<arg>${browser}</arg>
<doc>Opens a new browser instance to the optional ``url``.</doc>
<status status="PASS" start="2025-12-23T13:07:44.131405" elapsed="7.549325"/>
</kw>
<kw name="Maximize Browser Window" owner="SeleniumLibrary">
<doc>Maximizes current browser window.</doc>
<status status="PASS" start="2025-12-23T13:07:51.681085" elapsed="2.043863"/>
</kw>
<status status="PASS" start="2025-12-23T13:07:44.131175" elapsed="9.593969"/>
</kw>
<kw name="Login page link" owner="LoginKeywords">
<kw name="Click Element" owner="SeleniumLibrary">
<msg time="2025-12-23T13:07:53.726487" level="INFO">Clicking element 'xpath://a[normalize-space()='Log in']'.</msg>
<arg>${Login_link}</arg>
<doc>Click the element identified by ``locator``.</doc>
<status status="PASS" start="2025-12-23T13:07:53.725908" elapsed="4.490187"/>
</kw>
<status status="PASS" start="2025-12-23T13:07:53.725443" elapsed="4.490807"/>
</kw>
<kw name="Enter Email" owner="LoginKeywords">
<kw name="Input Text" owner="SeleniumLibrary">
<msg time="2025-12-23T13:07:58.217108" level="INFO">Typing text 'tester123321@gmail.com' into text field 'id:Email'.</msg>
<arg>${txt_user_name}</arg>
<arg>${username}</arg>
<doc>Types the given ``text`` into the text field identified by ``locator``.</doc>
<status status="PASS" start="2025-12-23T13:07:58.216798" elapsed="6.169312"/>
</kw>
<arg>tester123321@gmail.com</arg>
<status status="PASS" start="2025-12-23T13:07:58.216468" elapsed="6.170151"/>
</kw>
<kw name="Enter Password" owner="LoginKeywords">
<kw name="Input Text" owner="SeleniumLibrary">
<msg time="2025-12-23T13:08:04.389622" level="INFO">Typing text 'Tester@123' into text field 'id:Password'.</msg>
<arg>${txt_password}</arg>
<arg>${password}</arg>
<doc>Types the given ``text`` into the text field identified by ``locator``.</doc>
<status status="PASS" start="2025-12-23T13:08:04.388642" elapsed="6.166296"/>
</kw>
<arg>Tester@123</arg>
<status status="PASS" start="2025-12-23T13:08:04.387350" elapsed="6.168111"/>
</kw>
<kw name="Click Login Button" owner="LoginKeywords">
<kw name="Click Button" owner="SeleniumLibrary">
<msg time="2025-12-23T13:08:10.558731" level="INFO">Clicking button 'xpath://input[@value='Log in']'.</msg>
<arg>${login_button}</arg>
<doc>Clicks the button identified by ``locator``.</doc>
<status status="PASS" start="2025-12-23T13:08:10.557709" elapsed="7.098328"/>
</kw>
<status status="PASS" start="2025-12-23T13:08:10.556418" elapsed="7.100110"/>
</kw>
<status status="PASS" start="2025-12-23T13:07:44.130947" elapsed="33.525921"/>
</kw>
<kw name="Select_my_Account" owner="My_Account_Customer_info">
<kw name="Click Element" owner="SeleniumLibrary">
<msg time="2025-12-23T13:08:17.659559" level="INFO">Clicking element 'xpath://a[normalize-space()='My account']'.</msg>
<arg>${Click_my_account}</arg>
<doc>Click the element identified by ``locator``.</doc>
<status status="PASS" start="2025-12-23T13:08:17.658679" elapsed="4.623146"/>
</kw>
<status status="PASS" start="2025-12-23T13:08:17.657532" elapsed="4.624445"/>
</kw>
<kw name="Change Firstname" owner="My_Account_Customer_info">
<kw name="Input Text" owner="SeleniumLibrary">
<msg time="2025-12-23T13:08:22.282788" level="INFO">Typing text 'ravi' into text field 'xpath://input[@id='FirstName']'.</msg>
<arg>${Enter_Firstname}</arg>
<arg>${firstname}</arg>
<doc>Types the given ``text`` into the text field identified by ``locator``.</doc>
<status status="PASS" start="2025-12-23T13:08:22.282551" elapsed="6.111816"/>
</kw>
<arg>ravi</arg>
<status status="PASS" start="2025-12-23T13:08:22.282222" elapsed="6.112305"/>
</kw>
<kw name="Change Lastname" owner="My_Account_Customer_info">
<kw name="Input Text" owner="SeleniumLibrary">
<msg time="2025-12-23T13:08:28.395403" level="INFO">Typing text 'Tester' into text field 'xpath://input[@id='LastName']'.</msg>
<arg>${Enter_Lastname}</arg>
<arg>${lastname}</arg>
<doc>Types the given ``text`` into the text field identified by ``locator``.</doc>
<status status="PASS" start="2025-12-23T13:08:28.395124" elapsed="6.123154"/>
</kw>
<arg>Tester</arg>
<status status="PASS" start="2025-12-23T13:08:28.394759" elapsed="6.123769"/>
</kw>
<kw name="Select Save" owner="My_Account_Customer_info">
<kw name="Click Element" owner="SeleniumLibrary">
<msg time="2025-12-23T13:08:34.520101" level="INFO">Clicking element 'xpath://input[@name='save-info-button']'.</msg>
<arg>${Click_Save}</arg>
<doc>Click the element identified by ``locator``.</doc>
<status status="PASS" start="2025-12-23T13:08:34.519454" elapsed="4.089566"/>
</kw>
<status status="PASS" start="2025-12-23T13:08:34.518893" elapsed="4.090403"/>
</kw>
<status status="PASS" start="2025-12-23T13:07:44.129863" elapsed="54.479589"/>
</kw>
<tag>Regression</tag>
<tag>Sanity</tag>
<status status="PASS" start="2025-12-23T13:07:44.129084" elapsed="54.480925"/>
</test>
<status status="PASS" start="2025-12-23T13:07:43.901799" elapsed="54.709697"/>
</suite>
<status status="PASS" start="2025-12-23T13:07:43.870220" elapsed="54.743088"/>
</suite>
<statistics>
<total>
<stat pass="1" fail="0" skip="0">All Tests</stat>
</total>
<tag>
<stat pass="1" fail="0" skip="0">Regression</stat>
<stat pass="1" fail="0" skip="0">Sanity</stat>
</tag>
<suite>
<stat name="Testcases" id="s1" pass="1" fail="0" skip="0">Testcases</stat>
<stat name="SingleTest Login Change" id="s1-s1" pass="1" fail="0" skip="0">Testcases.SingleTest Login Change</stat>
</suite>
</statistics>
<errors>
</errors>
</robot>
