<?xml version="1.0" encoding="UTF-8"?>
<robot generator="Robot 7.3.2 (Python 3.14.0 on win32)" generated="2025-12-05T13:15:51.636425" rpa="false" schemaversion="5">
<suite id="s1" name="SingleTest Login Change" source="C:\Users\AIFA USER 77\PycharmProjects\TricentisDemo\TestCases\SingleTest_Login_Change.robot">
<test id="s1-t1" name="Change Test" line="9">
<kw name="Change_Account_Details" owner="Account_change">
<kw name="Set Selenium Speed" owner="SeleniumLibrary">
<arg>2seconds</arg>
<doc>Sets the delay that is waited after each Selenium command.</doc>
<status status="PASS" start="2025-12-05T13:15:51.887401" elapsed="0.000278"/>
</kw>
<kw name="Login Test" owner="LoginTest">
<kw name="Open Browser To Login Page" owner="LoginKeywords">
<kw name="Open Browser" owner="SeleniumLibrary">
<msg time="2025-12-05T13:15:51.888691" level="INFO">Opening browser 'chrome' to base url 'https://demowebshop.tricentis.com/'.</msg>
<arg>${url}</arg>
<arg>${browser}</arg>
<doc>Opens a new browser instance to the optional ``url``.</doc>
<status status="PASS" start="2025-12-05T13:15:51.888439" elapsed="6.075710"/>
</kw>
<kw name="Maximize Browser Window" owner="SeleniumLibrary">
<doc>Maximizes current browser window.</doc>
<status status="PASS" start="2025-12-05T13:15:57.964524" elapsed="2.051028"/>
</kw>
<status status="PASS" start="2025-12-05T13:15:51.888178" elapsed="8.127609"/>
</kw>
<kw name="Login page link" owner="LoginKeywords">
<kw name="Click Element" owner="SeleniumLibrary">
<msg time="2025-12-05T13:16:00.016988" level="INFO">Clicking element 'xpath://a[normalize-space()='Log in']'.</msg>
<arg>${Login_link}</arg>
<doc>Click the element identified by ``locator``.</doc>
<status status="PASS" start="2025-12-05T13:16:00.016612" elapsed="4.535560"/>
</kw>
<status status="PASS" start="2025-12-05T13:16:00.016147" elapsed="4.536289"/>
</kw>
<kw name="Enter Email" owner="LoginKeywords">
<kw name="Input Text" owner="SeleniumLibrary">
<msg time="2025-12-05T13:16:04.554035" level="INFO">Typing text 'tester123321@gmail.com' into text field 'id:Email'.</msg>
<arg>${txt_user_name}</arg>
<arg>${username}</arg>
<doc>Types the given ``text`` into the text field identified by ``locator``.</doc>
<status status="PASS" start="2025-12-05T13:16:04.553539" elapsed="6.191831"/>
</kw>
<arg>tester123321@gmail.com</arg>
<status status="PASS" start="2025-12-05T13:16:04.552849" elapsed="6.193139"/>
</kw>
<kw name="Enter Password" owner="LoginKeywords">
<kw name="Input Text" owner="SeleniumLibrary">
<msg time="2025-12-05T13:16:10.749438" level="INFO">Typing text 'Tester@123' into text field 'id:Password'.</msg>
<arg>${txt_password}</arg>
<arg>${password}</arg>
<doc>Types the given ``text`` into the text field identified by ``locator``.</doc>
<status status="PASS" start="2025-12-05T13:16:10.748293" elapsed="6.195102"/>
</kw>
<arg>Tester@123</arg>
<status status="PASS" start="2025-12-05T13:16:10.746880" elapsed="6.196738"/>
</kw>
<kw name="Click Login Button" owner="LoginKeywords">
<kw name="Click Button" owner="SeleniumLibrary">
<msg time="2025-12-05T13:16:16.944862" level="INFO">Clicking button 'xpath://input[@value='Log in']'.</msg>
<arg>${login_button}</arg>
<doc>Clicks the button identified by ``locator``.</doc>
<status status="PASS" start="2025-12-05T13:16:16.944466" elapsed="6.979480"/>
</kw>
<status status="PASS" start="2025-12-05T13:16:16.943916" elapsed="6.980256"/>
</kw>
<status status="PASS" start="2025-12-05T13:15:51.887880" elapsed="32.036439"/>
</kw>
<kw name="Select_my_Account" owner="My_Account_Customer_info">
<kw name="Click Element" owner="SeleniumLibrary">
<msg time="2025-12-05T13:16:23.925780" level="INFO">Clicking element 'xpath://a[normalize-space()='My account']'.</msg>
<arg>${Click_my_account}</arg>
<doc>Click the element identified by ``locator``.</doc>
<status status="PASS" start="2025-12-05T13:16:23.925322" elapsed="4.568747"/>
</kw>
<status status="PASS" start="2025-12-05T13:16:23.924633" elapsed="4.569975"/>
</kw>
<kw name="Change Firstname" owner="My_Account_Customer_info">
<kw name="Input Text" owner="SeleniumLibrary">
<msg time="2025-12-05T13:16:28.498024" level="INFO">Typing text 'ravi' into text field 'xpath://input[@id='FirstName']'.</msg>
<arg>${Enter_Firstname}</arg>
<arg>${firstname}</arg>
<doc>Types the given ``text`` into the text field identified by ``locator``.</doc>
<status status="PASS" start="2025-12-05T13:16:28.496864" elapsed="6.200463"/>
</kw>
<arg>ravi</arg>
<status status="PASS" start="2025-12-05T13:16:28.495385" elapsed="6.202170"/>
</kw>
<kw name="Change Lastname" owner="My_Account_Customer_info">
<kw name="Input Text" owner="SeleniumLibrary">
<msg time="2025-12-05T13:16:34.698955" level="INFO">Typing text 'Tester' into text field 'xpath://input[@id='LastName']'.</msg>
<arg>${Enter_Lastname}</arg>
<arg>${lastname}</arg>
<doc>Types the given ``text`` into the text field identified by ``locator``.</doc>
<status status="PASS" start="2025-12-05T13:16:34.698486" elapsed="6.185648"/>
</kw>
<arg>Tester</arg>
<status status="PASS" start="2025-12-05T13:16:34.697874" elapsed="6.186799"/>
</kw>
<kw name="Select Save" owner="My_Account_Customer_info">
<kw name="Click Element" owner="SeleniumLibrary">
<msg time="2025-12-05T13:16:40.888335" level="INFO">Clicking element 'xpath://input[@name='save-info-button']'.</msg>
<arg>${Click_Save}</arg>
<doc>Click the element identified by ``locator``.</doc>
<status status="PASS" start="2025-12-05T13:16:40.887007" elapsed="5.059758"/>
</kw>
<status status="PASS" start="2025-12-05T13:16:40.885529" elapsed="5.061387"/>
</kw>
<status status="PASS" start="2025-12-05T13:15:51.886627" elapsed="54.060382"/>
</kw>
<tag>Regression</tag>
<tag>Sanity</tag>
<status status="PASS" start="2025-12-05T13:15:51.885850" elapsed="54.061324"/>
</test>
<status status="PASS" start="2025-12-05T13:15:51.655501" elapsed="54.292294"/>
</suite>
<statistics>
<total>
<stat pass="1" fail="0" skip="0">All Tests</stat>
</total>
<tag>
<stat pass="1" fail="0" skip="0">Regression</stat>
<stat pass="1" fail="0" skip="0">Sanity</stat>
</tag>
<suite>
<stat name="SingleTest Login Change" id="s1" pass="1" fail="0" skip="0">SingleTest Login Change</stat>
</suite>
</statistics>
<errors>
</errors>
</robot>
