<?xml version="1.0" encoding="UTF-8"?>
<robot generator="Robot 7.3.2 (Python 3.14.0 on win32)" generated="2025-12-08T15:37:28.413833" rpa="false" schemaversion="5">
<suite id="s1" name="TricentisDemo" source="C:\Users\AIFA USER 77\PycharmProjects\TricentisDemo">
<suite id="s1-s1" name="APITesting" source="C:\Users\AIFA USER 77\PycharmProjects\TricentisDemo\APITesting">
<suite id="s1-s1-s1" name="GetRequest" source="C:\Users\AIFA USER 77\PycharmProjects\TricentisDemo\APITesting\GetRequest.robot">
<test id="s1-s1-s1-t1" name="Get Coffees" line="5">
<kw name="Create Session" owner="RequestsLibrary">
<msg time="2025-12-08T15:37:28.561856" level="INFO">Creating Session using : alias=api, url=https://webservice.toscacloud.com, headers={},                     cookies={}, auth=None, timeout=None, proxies=None, verify=False,                     debug=0 </msg>
<arg>api</arg>
<arg>https://webservice.toscacloud.com</arg>
<doc>Create Session: create a HTTP session to a server</doc>
<status status="PASS" start="2025-12-08T15:37:28.561382" elapsed="0.001029"/>
</kw>
<kw name="Create Dictionary" owner="BuiltIn">
<msg time="2025-12-08T15:37:28.563669" level="INFO">${headers} = {'accept': 'text/plain'}</msg>
<var>${headers}</var>
<arg>accept=text/plain</arg>
<doc>Creates and returns a dictionary based on the given ``items``.</doc>
<status status="PASS" start="2025-12-08T15:37:28.562785" elapsed="0.001098"/>
</kw>
<kw name="GET On Session" owner="RequestsLibrary">
<msg time="2025-12-08T15:37:29.416689" level="INFO">GET Request : url=https://webservice.toscacloud.com/api/v1/Coffees/11229 
 path_url=/api/v1/Coffees/11229 
 headers={'User-Agent': 'python-requests/2.32.5', 'Accept-Encoding': 'gzip, deflate, zstd', 'accept': 'text/plain', 'Connection': 'keep-alive'} 
 body=None 
 </msg>
<msg time="2025-12-08T15:37:29.417089" level="INFO">GET Response : url=https://webservice.toscacloud.com/api/v1/Coffees/11229 
 status=200, reason=OK 
 headers={'Content-Type': 'application/json; charset=utf-8', 'Date': 'Mon, 08 Dec 2025 10:07:25 GMT', 'Server': 'Microsoft-IIS/10.0', 'Content-Encoding': 'gzip', 'Set-Cookie': 'ARRAffinity=32975fd413347f79454db32b27e4eceb9a559f1f1a07633ca9e6881566d65e6c;Path=/;HttpOnly;Secure;Domain=webservice.toscacloud.com, ARRAffinitySameSite=32975fd413347f79454db32b27e4eceb9a559f1f1a07633ca9e6881566d65e6c;Path=/;HttpOnly;SameSite=None;Secure;Domain=webservice.toscacloud.com', 'Transfer-Encoding': 'chunked', 'Vary': 'Accept-Encoding', 'Strict-Transport-Security': 'max-age=31536000', 'api-supported-versions': '1.0', 'Content-Security-Policy': "default-src 'self'; frame-ancestors 'none'; base-uri 'none'; form-action 'none'", 'X-Frame-Options': 'DENY', 'X-Content-Type-Options': 'nosniff'} 
 body={"description":"chandu tarak","id":11229,"name":"tarak"} 
 </msg>
<msg time="2025-12-08T15:37:29.417313" level="INFO">C:\Users\AIFA USER 77\PycharmProjects\TricentisDemo\.venv\Lib\site-packages\urllib3\connectionpool.py:1097: InsecureRequestWarning: Unverified HTTPS request is being made to host 'webservice.toscacloud.com'. Adding certificate verification is strongly advised. See: https://urllib3.readthedocs.io/en/latest/advanced-usage.html#tls-warnings
  warnings.warn(</msg>
<msg time="2025-12-08T15:37:29.417633" level="INFO">${response} = &lt;Response [200]&gt;</msg>
<var>${response}</var>
<arg>api</arg>
<arg>/api/v1/Coffees/11229</arg>
<arg>headers=${headers}</arg>
<doc>Sends a GET request on a previously created HTTP Session.</doc>
<status status="PASS" start="2025-12-08T15:37:28.564114" elapsed="0.853670"/>
</kw>
<kw name="Status Should Be" owner="RequestsLibrary">
<arg>200</arg>
<arg>${response}</arg>
<doc>Fails if response status code is different than the expected.</doc>
<status status="PASS" start="2025-12-08T15:37:29.418049" elapsed="0.000739"/>
</kw>
<kw name="Log To Console" owner="BuiltIn">
<arg>${response.text}</arg>
<doc>Logs the given message to the console.</doc>
<status status="PASS" start="2025-12-08T15:37:29.419020" elapsed="0.000875"/>
</kw>
<status status="PASS" start="2025-12-08T15:37:28.558060" elapsed="0.862086"/>
</test>
<status status="PASS" start="2025-12-08T15:37:28.455652" elapsed="0.969610"/>
</suite>
<status status="PASS" start="2025-12-08T15:37:28.451296" elapsed="0.977397"/>
</suite>
<status status="PASS" start="2025-12-08T15:37:28.421059" elapsed="1.009939"/>
</suite>
<statistics>
<total>
<stat pass="1" fail="0" skip="0">All Tests</stat>
</total>
<tag>
</tag>
<suite>
<stat name="TricentisDemo" id="s1" pass="1" fail="0" skip="0">TricentisDemo</stat>
<stat name="APITesting" id="s1-s1" pass="1" fail="0" skip="0">TricentisDemo.APITesting</stat>
<stat name="GetRequest" id="s1-s1-s1" pass="1" fail="0" skip="0">TricentisDemo.APITesting.GetRequest</stat>
</suite>
</statistics>
<errors>
</errors>
</robot>
